
Run date: Sun Mar 24 13:43:44 2024
Git Commit Hash = 87ae6ae52f182c601a88e0ae8a28ca756fc23e7b
Macro Flags     = -DMPI_CHOLLA -DPRECISION=2 -DPLMC -DHLLD -DMHD -DVL -DDENSITY_FLOOR -DTEMPERATURE_FLOOR -DCPU_TIME  -DMPI_GPU -DDISABLE_GPU_ERROR_CHECKING -DO_HIP -DGIT_HASH=87ae6ae52f182c601a88e0ae8a28ca756fc23e7b
Initializing Simulation
Starting calculations.
Simulation completed successfully.

Run date: Sun Mar 24 13:44:07 2024
Git Commit Hash = 87ae6ae52f182c601a88e0ae8a28ca756fc23e7b
Macro Flags     = -DMPI_CHOLLA -DPRECISION=2 -DPLMC -DHLLD -DMHD -DVL -DDENSITY_FLOOR -DTEMPERATURE_FLOOR -DCPU_TIME  -DMPI_GPU -DDISABLE_GPU_ERROR_CHECKING -DO_HIP -DGIT_HASH=87ae6ae52f182c601a88e0ae8a28ca756fc23e7b
Initializing Simulation
Starting calculations.
Simulation completed successfully.

Run date: Sun Mar 24 13:44:33 2024
Git Commit Hash = 87ae6ae52f182c601a88e0ae8a28ca756fc23e7b
Macro Flags     = -DMPI_CHOLLA -DPRECISION=2 -DPLMC -DHLLD -DMHD -DVL -DDENSITY_FLOOR -DTEMPERATURE_FLOOR -DCPU_TIME  -DMPI_GPU -DDISABLE_GPU_ERROR_CHECKING -DO_HIP -DGIT_HASH=87ae6ae52f182c601a88e0ae8a28ca756fc23e7b
Initializing Simulation
Starting calculations.
Simulation completed successfully.

Run date: Sun Mar 24 13:45:11 2024
Git Commit Hash = 87ae6ae52f182c601a88e0ae8a28ca756fc23e7b
Macro Flags     = -DMPI_CHOLLA -DPRECISION=2 -DPLMC -DHLLD -DMHD -DVL -DDENSITY_FLOOR -DTEMPERATURE_FLOOR -DCPU_TIME  -DMPI_GPU -DDISABLE_GPU_ERROR_CHECKING -DO_HIP -DGIT_HASH=87ae6ae52f182c601a88e0ae8a28ca756fc23e7b
Initializing Simulation
Starting calculations.
Simulation completed successfully.

Run date: Sun Mar 24 13:46:16 2024
Git Commit Hash = 87ae6ae52f182c601a88e0ae8a28ca756fc23e7b
Macro Flags     = -DMPI_CHOLLA -DPRECISION=2 -DPLMC -DHLLD -DMHD -DVL -DDENSITY_FLOOR -DTEMPERATURE_FLOOR -DCPU_TIME  -DMPI_GPU -DDISABLE_GPU_ERROR_CHECKING -DO_HIP -DGIT_HASH=87ae6ae52f182c601a88e0ae8a28ca756fc23e7b
Initializing Simulation
Starting calculations.
Simulation completed successfully.

Run date: Sun Mar 24 13:47:59 2024
Git Commit Hash = 87ae6ae52f182c601a88e0ae8a28ca756fc23e7b
Macro Flags     = -DMPI_CHOLLA -DPRECISION=2 -DPLMC -DHLLD -DMHD -DVL -DDENSITY_FLOOR -DTEMPERATURE_FLOOR -DCPU_TIME  -DMPI_GPU -DDISABLE_GPU_ERROR_CHECKING -DO_HIP -DGIT_HASH=87ae6ae52f182c601a88e0ae8a28ca756fc23e7b
Initializing Simulation
Starting calculations.
Simulation completed successfully.

Run date: Sun Mar 24 13:53:19 2024
Git Commit Hash = 87ae6ae52f182c601a88e0ae8a28ca756fc23e7b
Macro Flags     = -DMPI_CHOLLA -DPRECISION=2 -DPLMC -DHLLD -DMHD -DVL -DDENSITY_FLOOR -DTEMPERATURE_FLOOR -DCPU_TIME  -DMPI_GPU -DDISABLE_GPU_ERROR_CHECKING -DO_HIP -DGIT_HASH=87ae6ae52f182c601a88e0ae8a28ca756fc23e7b
Initializing Simulation
Starting calculations.
Simulation completed successfully.

Run date: Sun Mar 24 13:58:36 2024
Git Commit Hash = 87ae6ae52f182c601a88e0ae8a28ca756fc23e7b
Macro Flags     = -DMPI_CHOLLA -DPRECISION=2 -DPLMC -DHLLD -DMHD -DVL -DDENSITY_FLOOR -DTEMPERATURE_FLOOR -DCPU_TIME  -DMPI_GPU -DDISABLE_GPU_ERROR_CHECKING -DO_HIP -DGIT_HASH=87ae6ae52f182c601a88e0ae8a28ca756fc23e7b
Initializing Simulation
Starting calculations.
Simulation completed successfully.

Run date: Sun Mar 24 14:08:33 2024
Git Commit Hash = 87ae6ae52f182c601a88e0ae8a28ca756fc23e7b
Macro Flags     = -DMPI_CHOLLA -DPRECISION=2 -DPLMC -DHLLD -DMHD -DVL -DDENSITY_FLOOR -DTEMPERATURE_FLOOR -DCPU_TIME  -DMPI_GPU -DDISABLE_GPU_ERROR_CHECKING -DO_HIP -DGIT_HASH=87ae6ae52f182c601a88e0ae8a28ca756fc23e7b
Initializing Simulation
Starting calculations.
Simulation completed successfully.

Run date: Sun Mar 24 14:28:03 2024
Git Commit Hash = 87ae6ae52f182c601a88e0ae8a28ca756fc23e7b
Macro Flags     = -DMPI_CHOLLA -DPRECISION=2 -DPLMC -DHLLD -DMHD -DVL -DDENSITY_FLOOR -DTEMPERATURE_FLOOR -DCPU_TIME  -DMPI_GPU -DDISABLE_GPU_ERROR_CHECKING -DO_HIP -DGIT_HASH=87ae6ae52f182c601a88e0ae8a28ca756fc23e7b
Initializing Simulation
Starting calculations.
Simulation completed successfully.
