
Run date: Sat Mar 23 16:36:49 2024
Git Commit Hash = 87ae6ae52f182c601a88e0ae8a28ca756fc23e7b
Macro Flags     = -DMPI_CHOLLA -DPRECISION=2 -DPLMC -DHLLD -DMHD -DVL -DDENSITY_FLOOR -DTEMPERATURE_FLOOR -DCPU_TIME  -DMPI_GPU -DDISABLE_GPU_ERROR_CHECKING -DO_HIP -DGIT_HASH=87ae6ae52f182c601a88e0ae8a28ca756fc23e7b
Initializing Simulation
Starting calculations.
Simulation completed successfully.

Run date: Sat Mar 23 16:37:11 2024
Git Commit Hash = 87ae6ae52f182c601a88e0ae8a28ca756fc23e7b
Macro Flags     = -DMPI_CHOLLA -DPRECISION=2 -DPLMC -DHLLD -DMHD -DVL -DDENSITY_FLOOR -DTEMPERATURE_FLOOR -DCPU_TIME  -DMPI_GPU -DDISABLE_GPU_ERROR_CHECKING -DO_HIP -DGIT_HASH=87ae6ae52f182c601a88e0ae8a28ca756fc23e7b
Initializing Simulation
Starting calculations.
Simulation completed successfully.

Run date: Sat Mar 23 16:37:26 2024
Git Commit Hash = 87ae6ae52f182c601a88e0ae8a28ca756fc23e7b
Macro Flags     = -DMPI_CHOLLA -DPRECISION=2 -DPLMC -DHLLD -DMHD -DVL -DDENSITY_FLOOR -DTEMPERATURE_FLOOR -DCPU_TIME  -DMPI_GPU -DDISABLE_GPU_ERROR_CHECKING -DO_HIP -DGIT_HASH=87ae6ae52f182c601a88e0ae8a28ca756fc23e7b
Initializing Simulation
Starting calculations.
Simulation completed successfully.

Run date: Sat Mar 23 16:37:43 2024
Git Commit Hash = 87ae6ae52f182c601a88e0ae8a28ca756fc23e7b
Macro Flags     = -DMPI_CHOLLA -DPRECISION=2 -DPLMC -DHLLD -DMHD -DVL -DDENSITY_FLOOR -DTEMPERATURE_FLOOR -DCPU_TIME  -DMPI_GPU -DDISABLE_GPU_ERROR_CHECKING -DO_HIP -DGIT_HASH=87ae6ae52f182c601a88e0ae8a28ca756fc23e7b
Initializing Simulation
Starting calculations.
Simulation completed successfully.

Run date: Sat Mar 23 16:38:03 2024
Git Commit Hash = 87ae6ae52f182c601a88e0ae8a28ca756fc23e7b
Macro Flags     = -DMPI_CHOLLA -DPRECISION=2 -DPLMC -DHLLD -DMHD -DVL -DDENSITY_FLOOR -DTEMPERATURE_FLOOR -DCPU_TIME  -DMPI_GPU -DDISABLE_GPU_ERROR_CHECKING -DO_HIP -DGIT_HASH=87ae6ae52f182c601a88e0ae8a28ca756fc23e7b
Initializing Simulation
Starting calculations.
Simulation completed successfully.

Run date: Sat Mar 23 16:38:29 2024
Git Commit Hash = 87ae6ae52f182c601a88e0ae8a28ca756fc23e7b
Macro Flags     = -DMPI_CHOLLA -DPRECISION=2 -DPLMC -DHLLD -DMHD -DVL -DDENSITY_FLOOR -DTEMPERATURE_FLOOR -DCPU_TIME  -DMPI_GPU -DDISABLE_GPU_ERROR_CHECKING -DO_HIP -DGIT_HASH=87ae6ae52f182c601a88e0ae8a28ca756fc23e7b
Initializing Simulation
Starting calculations.
Simulation completed successfully.

Run date: Sat Mar 23 16:39:08 2024
Git Commit Hash = 87ae6ae52f182c601a88e0ae8a28ca756fc23e7b
Macro Flags     = -DMPI_CHOLLA -DPRECISION=2 -DPLMC -DHLLD -DMHD -DVL -DDENSITY_FLOOR -DTEMPERATURE_FLOOR -DCPU_TIME  -DMPI_GPU -DDISABLE_GPU_ERROR_CHECKING -DO_HIP -DGIT_HASH=87ae6ae52f182c601a88e0ae8a28ca756fc23e7b
Initializing Simulation
Starting calculations.
Simulation completed successfully.

Run date: Sat Mar 23 16:40:12 2024
Git Commit Hash = 87ae6ae52f182c601a88e0ae8a28ca756fc23e7b
Macro Flags     = -DMPI_CHOLLA -DPRECISION=2 -DPLMC -DHLLD -DMHD -DVL -DDENSITY_FLOOR -DTEMPERATURE_FLOOR -DCPU_TIME  -DMPI_GPU -DDISABLE_GPU_ERROR_CHECKING -DO_HIP -DGIT_HASH=87ae6ae52f182c601a88e0ae8a28ca756fc23e7b
Initializing Simulation
Starting calculations.
Simulation completed successfully.

Run date: Sat Mar 23 16:41:58 2024
Git Commit Hash = 87ae6ae52f182c601a88e0ae8a28ca756fc23e7b
Macro Flags     = -DMPI_CHOLLA -DPRECISION=2 -DPLMC -DHLLD -DMHD -DVL -DDENSITY_FLOOR -DTEMPERATURE_FLOOR -DCPU_TIME  -DMPI_GPU -DDISABLE_GPU_ERROR_CHECKING -DO_HIP -DGIT_HASH=87ae6ae52f182c601a88e0ae8a28ca756fc23e7b
Initializing Simulation
Starting calculations.
Simulation completed successfully.

Run date: Sat Mar 23 16:45:13 2024
Git Commit Hash = 87ae6ae52f182c601a88e0ae8a28ca756fc23e7b
Macro Flags     = -DMPI_CHOLLA -DPRECISION=2 -DPLMC -DHLLD -DMHD -DVL -DDENSITY_FLOOR -DTEMPERATURE_FLOOR -DCPU_TIME  -DMPI_GPU -DDISABLE_GPU_ERROR_CHECKING -DO_HIP -DGIT_HASH=87ae6ae52f182c601a88e0ae8a28ca756fc23e7b
Initializing Simulation
Starting calculations.
Simulation completed successfully.

Run date: Sat Mar 23 16:51:17 2024
Git Commit Hash = 87ae6ae52f182c601a88e0ae8a28ca756fc23e7b
Macro Flags     = -DMPI_CHOLLA -DPRECISION=2 -DPLMC -DHLLD -DMHD -DVL -DDENSITY_FLOOR -DTEMPERATURE_FLOOR -DCPU_TIME  -DMPI_GPU -DDISABLE_GPU_ERROR_CHECKING -DO_HIP -DGIT_HASH=87ae6ae52f182c601a88e0ae8a28ca756fc23e7b
Initializing Simulation
Starting calculations.
Simulation completed successfully.

Run date: Sat Mar 23 17:03:07 2024
Git Commit Hash = 87ae6ae52f182c601a88e0ae8a28ca756fc23e7b
Macro Flags     = -DMPI_CHOLLA -DPRECISION=2 -DPLMC -DHLLD -DMHD -DVL -DDENSITY_FLOOR -DTEMPERATURE_FLOOR -DCPU_TIME  -DMPI_GPU -DDISABLE_GPU_ERROR_CHECKING -DO_HIP -DGIT_HASH=87ae6ae52f182c601a88e0ae8a28ca756fc23e7b
Initializing Simulation
Starting calculations.
Simulation completed successfully.

Run date: Sat Mar 23 17:26:25 2024
Git Commit Hash = 87ae6ae52f182c601a88e0ae8a28ca756fc23e7b
Macro Flags     = -DMPI_CHOLLA -DPRECISION=2 -DPLMC -DHLLD -DMHD -DVL -DDENSITY_FLOOR -DTEMPERATURE_FLOOR -DCPU_TIME  -DMPI_GPU -DDISABLE_GPU_ERROR_CHECKING -DO_HIP -DGIT_HASH=87ae6ae52f182c601a88e0ae8a28ca756fc23e7b
Initializing Simulation
Starting calculations.

Run date: Sat Mar 23 17:30:36 2024
Git Commit Hash = 87ae6ae52f182c601a88e0ae8a28ca756fc23e7b
Macro Flags     = -DMPI_CHOLLA -DPRECISION=2 -DPLMC -DHLLD -DMHD -DVL -DDENSITY_FLOOR -DTEMPERATURE_FLOOR -DCPU_TIME  -DMPI_GPU -DDISABLE_GPU_ERROR_CHECKING -DO_HIP -DGIT_HASH=87ae6ae52f182c601a88e0ae8a28ca756fc23e7b
Initializing Simulation
Starting calculations.
Simulation completed successfully.
